<?xml version="1.0" encoding="UTF-8"?>
<testng-results ignored="0" total="1" passed="1" failed="0" skipped="0">
  <reporter-output>
  </reporter-output>
  <suite started-at="2023-02-14T16:14:48 IST" name="Suite" finished-at="2023-02-14T16:15:52 IST" duration-ms="64474">
    <groups>
    </groups>
    <test started-at="2023-02-14T16:14:48 IST" name="Test" finished-at="2023-02-14T16:15:52 IST" duration-ms="64474">
      <class name="example.NewTest">
        <test-method is-config="true" signature="beforeTest()[pri:0, instance:example.NewTest@1ffaf86]" started-at="2023-02-14T16:14:48 IST" name="beforeTest" finished-at="2023-02-14T16:15:07 IST" duration-ms="18829" status="PASS">
          <reporter-output>
          </reporter-output>
        </test-method> <!-- beforeTest -->
        <test-method signature="testEasy()[pri:0, instance:example.NewTest@1ffaf86]" started-at="2023-02-14T16:15:07 IST" name="testEasy" finished-at="2023-02-14T16:15:51 IST" duration-ms="44551" status="PASS">
          <reporter-output>
          </reporter-output>
        </test-method> <!-- testEasy -->
        <test-method is-config="true" signature="afterTest()[pri:0, instance:example.NewTest@1ffaf86]" started-at="2023-02-14T16:15:51 IST" name="afterTest" finished-at="2023-02-14T16:15:52 IST" duration-ms="1037" status="PASS">
          <reporter-output>
          </reporter-output>
        </test-method> <!-- afterTest -->
      </class> <!-- example.NewTest -->
    </test> <!-- Test -->
  </suite> <!-- Suite -->
</testng-results>
